<?xml version="1.0" encoding="UTF-8"?>
<testsuites name="TS01_GET-POST-DELETE-Albums1" time="6.729" tests="3" failures="0" errors="0">
   <testsuite name="TS01_GET-POST-DELETE-Albums1" tests="3" failures="0" errors="0" time="6.729" skipped="0" timestamp="2023-08-14 14:59:12" hostname="Najwa - 10.5.91.39" id="Test Suites/REST_API_Albums/TS01_GET-POST-DELETE-Albums1">
      <properties>
         <property name="deviceName" value=""/>
         <property name="devicePlatform" value=""/>
         <property name="logFolder" value="D:\\4 -- QA Automation\\Hacktiv8\\Assginment 2\\Repository\\Cloned\\Katalon-API-Testing\\Reports\\20230814_145909\\REST_API_Albums\\TS01_GET-POST-DELETE-Albums1\\20230814_145909"/>
         <property name="logFiles" value="D:\\4 -- QA Automation\\Hacktiv8\\Assginment 2\\Repository\\Cloned\\Katalon-API-Testing\\Reports\\20230814_145909\\REST_API_Albums\\TS01_GET-POST-DELETE-Albums1\\20230814_145909\\execution0.log"/>
         <property name="attachments" value=""/>
         <property name="hostName" value="Najwa - 10.5.91.39"/>
         <property name="hostAddress" value="10.5.91.39"/>
         <property name="os" value="Windows 11 64bit"/>
         <property name="katalonVersion" value="8.6.5.208"/>
      </properties>
      <testcase name="Test Cases/REST_API_Albums/GET/TC01_GET-All-Albums" time="4.202" classname="Test Cases/REST_API_Albums/GET/TC01_GET-All-Albums" status="PASSED">
         <system-out><![CDATA[2023-08-14 14:59:13 - [TEST_CASE][PASSED] - Test Cases/REST_API_Albums/GET/TC01_GET-All-Albums: Test Cases/REST_API_Albums/GET/TC01_GET-All-Albums

2023-08-14 14:59:13 - [TEST_STEP][PASSED] - response = sendRequest(findTestObject("REST_API/1_Albums/GET/GET-All-Albums")): Send request successfully

2023-08-14 14:59:16 - [MESSAGE][INFO] - HAR: D:\4 -- QA Automation\Hacktiv8\Assginment 2\Repository\Cloned\Katalon-API-Testing\Reports\20230814_145909\REST_API_Albums\TS01_GET-POST-DELETE-Albums1\20230814_145909\requests\main\0.har

2023-08-14 14:59:16 - [MESSAGE][PASSED] - Send request successfully

2023-08-14 14:59:16 - [TEST_STEP][PASSED] - verifyElementPropertyValue(response, "[0].userId", 1): Verify element property value successfully

2023-08-14 14:59:16 - [MESSAGE][PASSED] - Verify element property value successfully

2023-08-14 14:59:16 - [TEST_STEP][PASSED] - verifyElementPropertyValue(response, "[0].id", 1): Verify element property value successfully

2023-08-14 14:59:16 - [MESSAGE][PASSED] - Verify element property value successfully

2023-08-14 14:59:16 - [TEST_STEP][PASSED] - verifyElementPropertyValue(response, "[0].title", "quidem molestiae enim"): Verify element property value successfully

2023-08-14 14:59:16 - [MESSAGE][PASSED] - Verify element property value successfully

2023-08-14 14:59:16 - [TEST_STEP][PASSED] - verifyElementPropertyValue(response, "[1].userId", 1): Verify element property value successfully

2023-08-14 14:59:16 - [MESSAGE][PASSED] - Verify element property value successfully

2023-08-14 14:59:16 - [TEST_STEP][PASSED] - verifyElementPropertyValue(response, "[1].id", 2): Verify element property value successfully

2023-08-14 14:59:16 - [MESSAGE][PASSED] - Verify element property value successfully

2023-08-14 14:59:16 - [TEST_STEP][PASSED] - verifyElementPropertyValue(response, "[1].title", "sunt qui excepturi placeat culpa"): Verify element property value successfully

2023-08-14 14:59:16 - [MESSAGE][PASSED] - Verify element property value successfully

2023-08-14 14:59:16 - [TEST_STEP][PASSED] - verifyElementPropertyValue(response, "[2].userId", 1): Verify element property value successfully

2023-08-14 14:59:16 - [MESSAGE][PASSED] - Verify element property value successfully

2023-08-14 14:59:16 - [TEST_STEP][PASSED] - verifyElementPropertyValue(response, "[2].id", 3): Verify element property value successfully

2023-08-14 14:59:16 - [MESSAGE][PASSED] - Verify element property value successfully

2023-08-14 14:59:16 - [TEST_STEP][PASSED] - verifyElementPropertyValue(response, "[2].title", "omnis laborum odio"): Verify element property value successfully

2023-08-14 14:59:16 - [MESSAGE][PASSED] - Verify element property value successfully

2023-08-14 14:59:16 - [TEST_STEP][PASSED] - verifyElementPropertyValue(response, "[3].userId", 1): Verify element property value successfully

2023-08-14 14:59:16 - [MESSAGE][PASSED] - Verify element property value successfully

2023-08-14 14:59:16 - [TEST_STEP][PASSED] - verifyElementPropertyValue(response, "[3].id", 4): Verify element property value successfully

2023-08-14 14:59:16 - [MESSAGE][PASSED] - Verify element property value successfully

2023-08-14 14:59:16 - [TEST_STEP][PASSED] - verifyElementPropertyValue(response, "[3].title", "non esse culpa molestiae omnis sed optio"): Verify element property value successfully

2023-08-14 14:59:16 - [MESSAGE][PASSED] - Verify element property value successfully

2023-08-14 14:59:16 - [TEST_STEP][PASSED] - verifyElementPropertyValue(response, "[4].userId", 1): Verify element property value successfully

2023-08-14 14:59:16 - [MESSAGE][PASSED] - Verify element property value successfully

2023-08-14 14:59:16 - [TEST_STEP][PASSED] - verifyElementPropertyValue(response, "[4].id", 5): Verify element property value successfully

2023-08-14 14:59:16 - [MESSAGE][PASSED] - Verify element property value successfully

2023-08-14 14:59:16 - [TEST_STEP][PASSED] - verifyElementPropertyValue(response, "[4].title", "eaque aut omnis a"): Verify element property value successfully

2023-08-14 14:59:16 - [MESSAGE][PASSED] - Verify element property value successfully

2023-08-14 14:59:16 - [TEST_STEP][PASSED] - verifyElementPropertyValue(response, "[5].userId", 1): Verify element property value successfully

2023-08-14 14:59:16 - [MESSAGE][PASSED] - Verify element property value successfully

2023-08-14 14:59:16 - [TEST_STEP][PASSED] - verifyElementPropertyValue(response, "[5].id", 6): Verify element property value successfully

2023-08-14 14:59:17 - [MESSAGE][PASSED] - Verify element property value successfully

2023-08-14 14:59:17 - [TEST_STEP][PASSED] - verifyElementPropertyValue(response, "[5].title", "natus impedit quibusdam illo est"): Verify element property value successfully

2023-08-14 14:59:17 - [MESSAGE][PASSED] - Verify element property value successfully

2023-08-14 14:59:17 - [TEST_STEP][PASSED] - verifyElementPropertyValue(response, "[6].userId", 1): Verify element property value successfully

2023-08-14 14:59:17 - [MESSAGE][PASSED] - Verify element property value successfully

2023-08-14 14:59:17 - [TEST_STEP][PASSED] - verifyElementPropertyValue(response, "[6].id", 7): Verify element property value successfully

2023-08-14 14:59:17 - [MESSAGE][PASSED] - Verify element property value successfully

2023-08-14 14:59:17 - [TEST_STEP][PASSED] - verifyElementPropertyValue(response, "[6].title", "quibusdam autem aliquid et et quia"): Verify element property value successfully

2023-08-14 14:59:17 - [MESSAGE][PASSED] - Verify element property value successfully

2023-08-14 14:59:17 - [TEST_STEP][PASSED] - verifyElementPropertyValue(response, "[7].userId", 1): Verify element property value successfully

2023-08-14 14:59:17 - [MESSAGE][PASSED] - Verify element property value successfully

2023-08-14 14:59:17 - [TEST_STEP][PASSED] - verifyElementPropertyValue(response, "[7].id", 8): Verify element property value successfully

2023-08-14 14:59:17 - [MESSAGE][PASSED] - Verify element property value successfully

2023-08-14 14:59:17 - [TEST_STEP][PASSED] - verifyElementPropertyValue(response, "[7].title", "qui fuga est a eum"): Verify element property value successfully

2023-08-14 14:59:17 - [MESSAGE][PASSED] - Verify element property value successfully

2023-08-14 14:59:17 - [TEST_STEP][PASSED] - verifyElementPropertyValue(response, "[8].userId", 1): Verify element property value successfully

2023-08-14 14:59:17 - [MESSAGE][PASSED] - Verify element property value successfully

2023-08-14 14:59:17 - [TEST_STEP][PASSED] - verifyElementPropertyValue(response, "[8].id", 9): Verify element property value successfully

2023-08-14 14:59:17 - [MESSAGE][PASSED] - Verify element property value successfully

2023-08-14 14:59:17 - [TEST_STEP][PASSED] - verifyElementPropertyValue(response, "[8].title", "saepe unde necessitatibus rem"): Verify element property value successfully

2023-08-14 14:59:17 - [MESSAGE][PASSED] - Verify element property value successfully

2023-08-14 14:59:17 - [TEST_STEP][PASSED] - verifyElementPropertyValue(response, "[9].userId", 1): Verify element property value successfully

2023-08-14 14:59:17 - [MESSAGE][PASSED] - Verify element property value successfully

2023-08-14 14:59:17 - [TEST_STEP][PASSED] - verifyElementPropertyValue(response, "[9].id", 10): Verify element property value successfully

2023-08-14 14:59:17 - [MESSAGE][PASSED] - Verify element property value successfully

2023-08-14 14:59:17 - [TEST_STEP][PASSED] - verifyElementPropertyValue(response, "[9].title", "distinctio laborum qui"): Verify element property value successfully

2023-08-14 14:59:17 - [MESSAGE][PASSED] - Verify element property value successfully]]></system-out>
         <system-err><![CDATA[]]></system-err>
      </testcase>
      <testcase name="Test Cases/REST_API_Albums/POST/TC12_POST-Albums" time="1.068" classname="Test Cases/REST_API_Albums/POST/TC12_POST-Albums" status="PASSED">
         <system-out><![CDATA[2023-08-14 14:59:17 - [TEST_CASE][PASSED] - Test Cases/REST_API_Albums/POST/TC12_POST-Albums: Test Cases/REST_API_Albums/POST/TC12_POST-Albums

2023-08-14 14:59:17 - [TEST_STEP][PASSED] - response = sendRequest(findTestObject("REST_API/1_Albums/POST/POST-Albums-User1")): Send request successfully

2023-08-14 14:59:18 - [MESSAGE][INFO] - HAR: D:\4 -- QA Automation\Hacktiv8\Assginment 2\Repository\Cloned\Katalon-API-Testing\Reports\20230814_145909\REST_API_Albums\TS01_GET-POST-DELETE-Albums1\20230814_145909\requests\main\1.har

2023-08-14 14:59:18 - [MESSAGE][PASSED] - Send request successfully

2023-08-14 14:59:18 - [TEST_STEP][PASSED] - verifyElementPropertyValue(response, "userId", "1"): Verify element property value successfully

2023-08-14 14:59:18 - [MESSAGE][PASSED] - Verify element property value successfully

2023-08-14 14:59:18 - [TEST_STEP][PASSED] - verifyElementPropertyValue(response, "title", "new album post for user1"): Verify element property value successfully

2023-08-14 14:59:18 - [MESSAGE][PASSED] - Verify element property value successfully]]></system-out>
         <system-err><![CDATA[]]></system-err>
      </testcase>
      <testcase name="Test Cases/REST_API_Albums/DELETE/TC13_DELETE-Albums" time="1.089" classname="Test Cases/REST_API_Albums/DELETE/TC13_DELETE-Albums" status="PASSED">
         <system-out><![CDATA[2023-08-14 14:59:18 - [TEST_CASE][PASSED] - Test Cases/REST_API_Albums/DELETE/TC13_DELETE-Albums: Test Cases/REST_API_Albums/DELETE/TC13_DELETE-Albums

2023-08-14 14:59:18 - [TEST_STEP][PASSED] - sendRequest(findTestObject("REST_API/1_Albums/DELETE/DELETE-Albums")): Send request successfully

2023-08-14 14:59:19 - [MESSAGE][INFO] - HAR: D:\4 -- QA Automation\Hacktiv8\Assginment 2\Repository\Cloned\Katalon-API-Testing\Reports\20230814_145909\REST_API_Albums\TS01_GET-POST-DELETE-Albums1\20230814_145909\requests\main\2.har

2023-08-14 14:59:19 - [MESSAGE][PASSED] - Send request successfully]]></system-out>
         <system-err><![CDATA[]]></system-err>
      </testcase>
      <system-out><![CDATA[2023-08-14 14:59:12 - [TEST_SUITE][PASSED] - TS01_GET-POST-DELETE-Albums1: Test Cases/REST_API_Albums/DELETE/TC13_DELETE-Albums]]></system-out>
      <system-err><![CDATA[]]></system-err>
   </testsuite>
</testsuites>
